<?xml version="1.0" encoding="UTF-8" ?>
<testsuite tests="40" failures="0" name="calculator.RunnerTest" time="0" errors="0" skipped="0">
  <properties>
[...]
</properties>
  <testcase classname="| 1 | 6000 | ^ | 1 |" name="Given Three input values, 1 and 6000 and &quot;^&quot;" time="0"/>
  <testcase classname="| 1 | 6000 | ^ | 1 |" name="When I operate the two values" time="0"/>
  <testcase classname="| 1 | 6000 | ^ | 1 |" name="Then I expect the result 1" time="0"/>
  <testcase classname="| 1 | 6000 | ^ | 1 |" name="| 1 | 6000 | ^ | 1 |" time="0"/>
  <testcase classname="| 25 | 0 | ^ | 1 |" name="Given Three input values, 25 and 0 and &quot;^&quot;" time="0"/>
  <testcase classname="| 25 | 0 | ^ | 1 |" name="When I operate the two values" time="0"/>
  <testcase classname="| 25 | 0 | ^ | 1 |" name="Then I expect the result 1" time="0"/>
  <testcase classname="| 25 | 0 | ^ | 1 |" name="| 25 | 0 | ^ | 1 |" time="0"/>
  <testcase classname="| 0 | 6 | ^ | 0 |" name="Given Three input values, 0 and 6 and &quot;^&quot;" time="0"/>
  <testcase classname="| 0 | 6 | ^ | 0 |" name="When I operate the two values" time="0"/>
  <testcase classname="| 0 | 6 | ^ | 0 |" name="Then I expect the result 0" time="0"/>
  <testcase classname="| 0 | 6 | ^ | 0 |" name="| 0 | 6 | ^ | 0 |" time="0"/>
  <testcase classname="| 12 | 2 | ^ | 144 |" name="Given Three input values, 12 and 2 and &quot;^&quot;" time="0"/>
  <testcase classname="| 12 | 2 | ^ | 144 |" name="When I operate the two values" time="0"/>
  <testcase classname="| 12 | 2 | ^ | 144 |" name="Then I expect the result 144" time="0"/>
  <testcase classname="| 12 | 2 | ^ | 144 |" name="| 12 | 2 | ^ | 144 |" time="0"/>
  <testcase classname="| 050 | 1 | ^ | 50 |" name="Given Three input values, 050 and 1 and &quot;^&quot;" time="0"/>
  <testcase classname="| 050 | 1 | ^ | 50 |" name="When I operate the two values" time="0"/>
  <testcase classname="| 050 | 1 | ^ | 50 |" name="Then I expect the result 50" time="0"/>
  <testcase classname="| 050 | 1 | ^ | 50 |" name="| 050 | 1 | ^ | 50 |" time="0"/>
  <testcase classname="Given Three input values, 12 and 1 and &quot;\&quot;(| 12 | 1 | \ | 12 |)" name="Given Three input values, 12 and 1 and &quot;\&quot;" time="0"/>
  <testcase classname="When I operate the two values(| 12 | 1 | \ | 12 |)" name="When I operate the two values" time="0"/>
  <testcase classname="Then I expect the result 12(| 12 | 1 | \ | 12 |)" name="Then I expect the result 12" time="0"/>
  <testcase classname="| 12 | 1 | \ | 12 |" name="| 12 | 1 | \ | 12 |" time="0"/>
  <testcase classname="Given Three input values, 6 and 7 and &quot;\&quot;(| 6 | 7 | \ | 0 |)" name="Given Three input values, 6 and 7 and &quot;\&quot;" time="0"/>
  <testcase classname="When I operate the two values(| 6 | 7 | \ | 0 |)" name="When I operate the two values" time="0"/>
  <testcase classname="Then I expect the result 0(| 6 | 7 | \ | 0 |)" name="Then I expect the result 0" time="0"/>
  <testcase classname="| 6 | 7 | \ | 0 |" name="| 6 | 7 | \ | 0 |" time="0"/>
  <testcase classname="Given Three input values, 0 and 666 and &quot;\&quot;(| 0 | 666 | \ | 0 |)" name="Given Three input values, 0 and 666 and &quot;\&quot;" time="0"/>
  <testcase classname="When I operate the two values(| 0 | 666 | \ | 0 |)" name="When I operate the two values" time="0"/>
  <testcase classname="Then I expect the result 0(| 0 | 666 | \ | 0 |)" name="Then I expect the result 0" time="0"/>
  <testcase classname="| 0 | 666 | \ | 0 |" name="| 0 | 666 | \ | 0 |" time="0"/>
  <testcase classname="Given Three input values, 444 and 4 and &quot;\&quot;(| 444 | 4 | \ | 111 |)" name="Given Three input values, 444 and 4 and &quot;\&quot;" time="0"/>
  <testcase classname="When I operate the two values(| 444 | 4 | \ | 111 |)" name="When I operate the two values" time="0"/>
  <testcase classname="Then I expect the result 111(| 444 | 4 | \ | 111 |)" name="Then I expect the result 111" time="0"/>
  <testcase classname="| 444 | 4 | \ | 111 |" name="| 444 | 4 | \ | 111 |" time="0"/>
  <testcase classname="Given Three input values, 5 and 4 and &quot;\&quot;(| 5 | 4 | \ | 1 |)" name="Given Three input values, 5 and 4 and &quot;\&quot;" time="0"/>
  <testcase classname="When I operate the two values(| 5 | 4 | \ | 1 |)" name="When I operate the two values" time="0"/>
  <testcase classname="Then I expect the result 1(| 5 | 4 | \ | 1 |)" name="Then I expect the result 1" time="0"/>
  <testcase classname="| 5 | 4 | \ | 1 |" name="| 5 | 4 | \ | 1 |" time="0"/>
</testsuite>